Release 14.7 - xst P.20131013 (nt)
Copyright (c) 1995-2013 Xilinx, Inc.  All rights reserved.
--> Parameter TMPDIR set to xst/projnav.tmp


Total REAL time to Xst completion: 1.00 secs
Total CPU time to Xst completion: 0.14 secs
 
--> Parameter xsthdpdir set to xst


Total REAL time to Xst completion: 1.00 secs
Total CPU time to Xst completion: 0.14 secs
 
--> Reading design: mux_32_1.prj

TABLE OF CONTENTS
  1) Synthesis Options Summary
  2) HDL Parsing
  3) HDL Elaboration
  4) HDL Synthesis
       4.1) HDL Synthesis Report
  5) Advanced HDL Synthesis
       5.1) Advanced HDL Synthesis Report
  6) Low Level Synthesis
  7) Partition Report
  8) Design Summary
       8.1) Primitive and Black Box Usage
       8.2) Device utilization summary
       8.3) Partition Resource Summary
       8.4) Timing Report
            8.4.1) Clock Information
            8.4.2) Asynchronous Control Signals Information
            8.4.3) Timing Summary
            8.4.4) Timing Details
            8.4.5) Cross Clock Domains Report


=========================================================================
*                      Synthesis Options Summary                        *
=========================================================================
---- Source Parameters
Input File Name                    : "mux_32_1.prj"
Ignore Synthesis Constraint File   : NO

---- Target Parameters
Output File Name                   : "mux_32_1"
Output Format                      : NGC
Target Device                      : xc6slx16-3-csg324

---- Source Options
Top Module Name                    : mux_32_1
Automatic FSM Extraction           : YES
FSM Encoding Algorithm             : Auto
Safe Implementation                : No
FSM Style                          : LUT
RAM Extraction                     : Yes
RAM Style                          : Auto
ROM Extraction                     : Yes
Shift Register Extraction          : YES
ROM Style                          : Auto
Resource Sharing                   : YES
Asynchronous To Synchronous        : NO
Shift Register Minimum Size        : 2
Use DSP Block                      : Auto
Automatic Register Balancing       : No

---- Target Options
LUT Combining                      : Auto
Reduce Control Sets                : Auto
Add IO Buffers                     : YES
Global Maximum Fanout              : 100000
Add Generic Clock Buffer(BUFG)     : 16
Register Duplication               : YES
Optimize Instantiated Primitives   : NO
Use Clock Enable                   : Auto
Use Synchronous Set                : Auto
Use Synchronous Reset              : Auto
Pack IO Registers into IOBs        : Auto
Equivalent register Removal        : YES

---- General Options
Optimization Goal                  : Speed
Optimization Effort                : 1
Power Reduction                    : NO
Keep Hierarchy                     : No
Netlist Hierarchy                  : As_Optimized
RTL Output                         : Yes
Global Optimization                : AllClockNets
Read Cores                         : YES
Write Timing Constraints           : NO
Cross Clock Analysis               : NO
Hierarchy Separator                : /
Bus Delimiter                      : <>
Case Specifier                     : Maintain
Slice Utilization Ratio            : 100
BRAM Utilization Ratio             : 100
DSP48 Utilization Ratio            : 100
Auto BRAM Packing                  : NO
Slice Utilization Ratio Delta      : 5

=========================================================================


=========================================================================
*                          HDL Parsing                                  *
=========================================================================
Parsing VHDL file "C:\Documents and Settings\Juan Molina\Mis documentos\Arquitectura\Practica4\mux_32_1\mux_32_1.vhd" into library work
Parsing entity <mux_32_1>.
Parsing architecture <Behavioral> of entity <mux_32_1>.

=========================================================================
*                            HDL Elaboration                            *
=========================================================================

Elaborating entity <mux_32_1> (architecture <Behavioral>) with generics from library <work>.

=========================================================================
*                           HDL Synthesis                               *
=========================================================================

Synthesizing Unit <mux_32_1>.
    Related source file is "C:\Documents and Settings\Juan Molina\Mis documentos\Arquitectura\Practica4\mux_32_1\mux_32_1.vhd".
        N = 4
    Found 4-bit 32-to-1 multiplexer for signal <O> created at line 36.
    Summary:
	inferred   1 Multiplexer(s).
Unit <mux_32_1> synthesized.

=========================================================================
HDL Synthesis Report

Macro Statistics
# Multiplexers                                         : 1
 4-bit 32-to-1 multiplexer                             : 1

=========================================================================

=========================================================================
*                       Advanced HDL Synthesis                          *
=========================================================================


=========================================================================
Advanced HDL Synthesis Report

Macro Statistics
# Multiplexers                                         : 1
 4-bit 32-to-1 multiplexer                             : 1

=========================================================================

=========================================================================
*                         Low Level Synthesis                           *
=========================================================================

Optimizing unit <mux_32_1> ...

Mapping all equations...
Building and optimizing final netlist ...
Found area constraint ratio of 100 (+ 5) on block mux_32_1, actual ratio is 0.

Final Macro Processing ...

=========================================================================
Final Register Report

Found no macro
=========================================================================

=========================================================================
*                           Partition Report                            *
=========================================================================

Partition Implementation Status
-------------------------------

  No Partitions were found in this design.

-------------------------------

=========================================================================
*                            Design Summary                             *
=========================================================================

Top Level Output File Name         : mux_32_1.ngc

Primitive and Black Box Usage:
------------------------------
# BELS                             : 44
#      LUT6                        : 40
#      MUXF7                       : 4
# IO Buffers                       : 137
#      IBUF                        : 133
#      OBUF                        : 4

Device utilization summary:
---------------------------

Selected Device : 6slx16csg324-3 


Slice Logic Utilization: 
 Number of Slice LUTs:                   40  out of   9112     0%  
    Number used as Logic:                40  out of   9112     0%  

Slice Logic Distribution: 
 Number of LUT Flip Flop pairs used:     40
   Number with an unused Flip Flop:      40  out of     40   100%  
   Number with an unused LUT:             0  out of     40     0%  
   Number of fully used LUT-FF pairs:     0  out of     40     0%  
   Number of unique control sets:         0

IO Utilization: 
 Number of IOs:                         137
 Number of bonded IOBs:                 137  out of    232    59%  

Specific Feature Utilization:

---------------------------
Partition Resource Summary:
---------------------------

  No Partitions were found in this design.

---------------------------


=========================================================================
Timing Report

NOTE: THESE TIMING NUMBERS ARE ONLY A SYNTHESIS ESTIMATE.
      FOR ACCURATE TIMING INFORMATION PLEASE REFER TO THE TRACE REPORT
      GENERATED AFTER PLACE-and-ROUTE.

Clock Information:
------------------
No clock signals found in this design

Asynchronous Control Signals Information:
----------------------------------------
No asynchronous control signals found in this design

Timing Summary:
---------------
Speed Grade: -3

   Minimum period: No path found
   Minimum input arrival time before clock: No path found
   Maximum output required time after clock: No path found
   Maximum combinational path delay: 7.401ns

Timing Details:
---------------
All values displayed in nanoseconds (ns)

=========================================================================
Timing constraint: Default path analysis
  Total number of paths / destination ports: 212 / 4
-------------------------------------------------------------------------
Delay:               7.401ns (Levels of Logic = 5)
  Source:            sel_read<1> (PAD)
  Destination:       O<3> (PAD)

  Data Path: sel_read<1> to O<3>
                                Gate     Net
    Cell:in->out      fanout   Delay   Delay  Logical Name (Net Name)
    ----------------------------------------  ------------
     IBUF:I->O            32   1.222   1.656  sel_read_1_IBUF (sel_read_1_IBUF)
     LUT6:I0->O            1   0.203   0.827  Mmux_O_81 (Mmux_O_81)
     LUT6:I2->O            1   0.203   0.000  Mmux_O_3 (Mmux_O_3)
     MUXF7:I1->O           1   0.140   0.579  Mmux_O_2_f7 (O_0_OBUF)
     OBUF:I->O                 2.571          O_0_OBUF (O<0>)
    ----------------------------------------
    Total                      7.401ns (4.339ns logic, 3.062ns route)
                                       (58.6% logic, 41.4% route)

=========================================================================

Cross Clock Domains Report:
--------------------------

=========================================================================


Total REAL time to Xst completion: 8.00 secs
Total CPU time to Xst completion: 7.92 secs
 
--> 

Total memory usage is 144172 kilobytes

Number of errors   :    0 (   0 filtered)
Number of warnings :    0 (   0 filtered)
Number of infos    :    0 (   0 filtered)

