Release 14.7 - xst P.20131013 (nt)
Copyright (c) 1995-2013 Xilinx, Inc.  All rights reserved.
--> Parameter TMPDIR set to xst/projnav.tmp


Total REAL time to Xst completion: 1.00 secs
Total CPU time to Xst completion: 0.14 secs
 
--> Parameter xsthdpdir set to xst


Total REAL time to Xst completion: 1.00 secs
Total CPU time to Xst completion: 0.14 secs
 
--> Reading design: e_r.prj

TABLE OF CONTENTS
  1) Synthesis Options Summary
  2) HDL Parsing
  3) HDL Elaboration
  4) HDL Synthesis
       4.1) HDL Synthesis Report
  5) Advanced HDL Synthesis
       5.1) Advanced HDL Synthesis Report
  6) Low Level Synthesis
  7) Partition Report
  8) Design Summary
       8.1) Primitive and Black Box Usage
       8.2) Device utilization summary
       8.3) Partition Resource Summary
       8.4) Timing Report
            8.4.1) Clock Information
            8.4.2) Asynchronous Control Signals Information
            8.4.3) Timing Summary
            8.4.4) Timing Details
            8.4.5) Cross Clock Domains Report


=========================================================================
*                      Synthesis Options Summary                        *
=========================================================================
---- Source Parameters
Input File Name                    : "e_r.prj"
Ignore Synthesis Constraint File   : NO

---- Target Parameters
Output File Name                   : "e_r"
Output Format                      : NGC
Target Device                      : xc6slx16-3-csg324

---- Source Options
Top Module Name                    : e_r
Automatic FSM Extraction           : YES
FSM Encoding Algorithm             : Auto
Safe Implementation                : No
FSM Style                          : LUT
RAM Extraction                     : Yes
RAM Style                          : Auto
ROM Extraction                     : Yes
Shift Register Extraction          : YES
ROM Style                          : Auto
Resource Sharing                   : YES
Asynchronous To Synchronous        : NO
Shift Register Minimum Size        : 2
Use DSP Block                      : Auto
Automatic Register Balancing       : No

---- Target Options
LUT Combining                      : Auto
Reduce Control Sets                : Auto
Add IO Buffers                     : YES
Global Maximum Fanout              : 100000
Add Generic Clock Buffer(BUFG)     : 16
Register Duplication               : YES
Optimize Instantiated Primitives   : NO
Use Clock Enable                   : Auto
Use Synchronous Set                : Auto
Use Synchronous Reset              : Auto
Pack IO Registers into IOBs        : Auto
Equivalent register Removal        : YES

---- General Options
Optimization Goal                  : Speed
Optimization Effort                : 1
Power Reduction                    : NO
Keep Hierarchy                     : No
Netlist Hierarchy                  : As_Optimized
RTL Output                         : Yes
Global Optimization                : AllClockNets
Read Cores                         : YES
Write Timing Constraints           : NO
Cross Clock Analysis               : NO
Hierarchy Separator                : /
Bus Delimiter                      : <>
Case Specifier                     : Maintain
Slice Utilization Ratio            : 100
BRAM Utilization Ratio             : 100
DSP48 Utilization Ratio            : 100
Auto BRAM Packing                  : NO
Slice Utilization Ratio Delta      : 5

=========================================================================


=========================================================================
*                          HDL Parsing                                  *
=========================================================================
Parsing VHDL file "C:\Documents and Settings\Juan Molina\Mis documentos\Arquitectura\Practica4\e_r\e_r.vhd" into library work
Parsing entity <e_r>.
Parsing architecture <Behavioral> of entity <e_r>.

=========================================================================
*                            HDL Elaboration                            *
=========================================================================

Elaborating entity <e_r> (architecture <Behavioral>) from library <work>.

=========================================================================
*                           HDL Synthesis                               *
=========================================================================

Synthesizing Unit <e_r>.
    Related source file is "C:\Documents and Settings\Juan Molina\Mis documentos\Arquitectura\Practica4\e_r\e_r.vhd".
    Found 1-bit register for signal <q1>.
    Found 1-bit register for signal <q0>.
    Found 1-bit register for signal <q2>.
    Summary:
	inferred   3 D-type flip-flop(s).
Unit <e_r> synthesized.

=========================================================================
HDL Synthesis Report

Macro Statistics
# Registers                                            : 3
 1-bit register                                        : 3

=========================================================================

=========================================================================
*                       Advanced HDL Synthesis                          *
=========================================================================


=========================================================================
Advanced HDL Synthesis Report

Macro Statistics
# Registers                                            : 3
 Flip-Flops                                            : 3

=========================================================================

=========================================================================
*                         Low Level Synthesis                           *
=========================================================================

Optimizing unit <e_r> ...

Mapping all equations...
Building and optimizing final netlist ...
Found area constraint ratio of 100 (+ 5) on block e_r, actual ratio is 0.

Final Macro Processing ...

=========================================================================
Final Register Report

Macro Statistics
# Registers                                            : 3
 Flip-Flops                                            : 3

=========================================================================

=========================================================================
*                           Partition Report                            *
=========================================================================

Partition Implementation Status
-------------------------------

  No Partitions were found in this design.

-------------------------------

=========================================================================
*                            Design Summary                             *
=========================================================================

Top Level Output File Name         : e_r.ngc

Primitive and Black Box Usage:
------------------------------
# BELS                             : 1
#      LUT3                        : 1
# FlipFlops/Latches                : 3
#      FDC                         : 3
# Clock Buffers                    : 1
#      BUFGP                       : 1
# IO Buffers                       : 3
#      IBUF                        : 2
#      OBUF                        : 1

Device utilization summary:
---------------------------

Selected Device : 6slx16csg324-3 


Slice Logic Utilization: 
 Number of Slice Registers:               3  out of  18224     0%  
 Number of Slice LUTs:                    1  out of   9112     0%  
    Number used as Logic:                 1  out of   9112     0%  

Slice Logic Distribution: 
 Number of LUT Flip Flop pairs used:      4
   Number with an unused Flip Flop:       1  out of      4    25%  
   Number with an unused LUT:             3  out of      4    75%  
   Number of fully used LUT-FF pairs:     0  out of      4     0%  
   Number of unique control sets:         1

IO Utilization: 
 Number of IOs:                           4
 Number of bonded IOBs:                   4  out of    232     1%  

Specific Feature Utilization:
 Number of BUFG/BUFGCTRLs:                1  out of     16     6%  

---------------------------
Partition Resource Summary:
---------------------------

  No Partitions were found in this design.

---------------------------


=========================================================================
Timing Report

NOTE: THESE TIMING NUMBERS ARE ONLY A SYNTHESIS ESTIMATE.
      FOR ACCURATE TIMING INFORMATION PLEASE REFER TO THE TRACE REPORT
      GENERATED AFTER PLACE-and-ROUTE.

Clock Information:
------------------
-----------------------------------+------------------------+-------+
Clock Signal                       | Clock buffer(FF name)  | Load  |
-----------------------------------+------------------------+-------+
clk                                | BUFGP                  | 3     |
-----------------------------------+------------------------+-------+

Asynchronous Control Signals Information:
----------------------------------------
No asynchronous control signals found in this design

Timing Summary:
---------------
Speed Grade: -3

   Minimum period: 1.165ns (Maximum Frequency: 858.185MHz)
   Minimum input arrival time before clock: 2.302ns
   Maximum output required time after clock: 4.610ns
   Maximum combinational path delay: No path found

Timing Details:
---------------
All values displayed in nanoseconds (ns)

=========================================================================
Timing constraint: Default period analysis for Clock 'clk'
  Clock period: 1.165ns (frequency: 858.185MHz)
  Total number of paths / destination ports: 2 / 2
-------------------------------------------------------------------------
Delay:               1.165ns (Levels of Logic = 0)
  Source:            q2 (FF)
  Destination:       q1 (FF)
  Source Clock:      clk rising
  Destination Clock: clk rising

  Data Path: q2 to q1
                                Gate     Net
    Cell:in->out      fanout   Delay   Delay  Logical Name (Net Name)
    ----------------------------------------  ------------
     FDC:C->Q              2   0.447   0.616  q2 (q2)
     FDC:D                     0.102          q1
    ----------------------------------------
    Total                      1.165ns (0.549ns logic, 0.616ns route)
                                       (47.1% logic, 52.9% route)

=========================================================================
Timing constraint: Default OFFSET IN BEFORE for Clock 'clk'
  Total number of paths / destination ports: 4 / 4
-------------------------------------------------------------------------
Offset:              2.302ns (Levels of Logic = 1)
  Source:            clr (PAD)
  Destination:       q2 (FF)
  Destination Clock: clk rising

  Data Path: clr to q2
                                Gate     Net
    Cell:in->out      fanout   Delay   Delay  Logical Name (Net Name)
    ----------------------------------------  ------------
     IBUF:I->O             3   1.222   0.650  clr_IBUF (clr_IBUF)
     FDC:CLR                   0.430          q2
    ----------------------------------------
    Total                      2.302ns (1.652ns logic, 0.650ns route)
                                       (71.8% logic, 28.2% route)

=========================================================================
Timing constraint: Default OFFSET OUT AFTER for Clock 'clk'
  Total number of paths / destination ports: 3 / 1
-------------------------------------------------------------------------
Offset:              4.610ns (Levels of Logic = 2)
  Source:            q0 (FF)
  Destination:       sal (PAD)
  Source Clock:      clk rising

  Data Path: q0 to sal
                                Gate     Net
    Cell:in->out      fanout   Delay   Delay  Logical Name (Net Name)
    ----------------------------------------  ------------
     FDC:C->Q              1   0.447   0.808  q0 (q0)
     LUT3:I0->O            1   0.205   0.579  sal1 (sal_OBUF)
     OBUF:I->O                 2.571          sal_OBUF (sal)
    ----------------------------------------
    Total                      4.610ns (3.223ns logic, 1.387ns route)
                                       (69.9% logic, 30.1% route)

=========================================================================

Cross Clock Domains Report:
--------------------------

Clock to Setup on destination clock clk
---------------+---------+---------+---------+---------+
               | Src:Rise| Src:Fall| Src:Rise| Src:Fall|
Source Clock   |Dest:Rise|Dest:Rise|Dest:Fall|Dest:Fall|
---------------+---------+---------+---------+---------+
clk            |    1.165|         |         |         |
---------------+---------+---------+---------+---------+

=========================================================================


Total REAL time to Xst completion: 8.00 secs
Total CPU time to Xst completion: 7.61 secs
 
--> 

Total memory usage is 144556 kilobytes

Number of errors   :    0 (   0 filtered)
Number of warnings :    0 (   0 filtered)
Number of infos    :    0 (   0 filtered)

