ISim log file
Running: C:\Documents and Settings\Juan Molina\Mis documentos\Arquitectura\Practica2\ALU\ALU_isim_beh.exe -intstyle ise -gui -tclbatch isim.cmd -wdb C:/Documents and Settings/Juan Molina/Mis documentos/Arquitectura/Practica2/ALU/ALU_isim_beh.wdb 
ISim P.20131013 (signature 0x8ef4fb42)
WARNING: A WEBPACK license was found.
WARNING: Please use Xilinx License Configuration Manager to check out a full ISim license.
WARNING: ISim will run in Lite mode. Please refer to the ISim documentation for more information on the differences between the Lite and the Full version.
This is a Lite version of ISim.
Time resolution is 1 ps
# onerror resume
# wave add /
# run 1000 ns
Simulator is doing circuit initialization process.
Finished circuit initialization process.
# isim force add /alu/a 1110 -radix bin
# isim force add /alu/b 0011 -radix bin
# isim force add /alu/sel 000 -radix bin
# run 1.00us
at 1 us, Instance /alu/ : Warning: There is an 'U'|'X'|'W'|'Z'|'-' in an arithmetic operand, the result will be 'X'(es).
# isim force add /alu/sel 001 -radix bin
# run 1.00us
# isim force add /alu/sel 010 -radix bin
# run 1.00us
# isim force add /alu/sel 011 -radix bin
# run 1.00us
# isim force add /alu/sel 100 -radix bin
# run 1.00us
# isim force add /alu/sel 101 -radix bin
# run 1.00us
# isim force add /alu/sel 110 -radix bin
# run 1.00us
# isim force add /alu/sel 111 -radix bin
# run 1.00us
# isim force add /alu/a 0111 -radix bin
# run 1.00us
# run 1.00us
