
****** PlanAhead v14.7
  **** Build 321239 by xbuild on Fri Sep 27 19:31:35 MDT 2013
    ** Copyright 1986-1999, 2001-2013 Xilinx, Inc. All Rights Reserved.

INFO: [Common 17-78] Attempting to get a license: PlanAhead
INFO: [Common 17-290] Got license for PlanAhead
INFO: [Device 21-36] Loading parts and site information from E:/Xilinx/14.7/ISE_DS/PlanAhead/data/parts/arch.xml
Parsing RTL primitives file [E:/Xilinx/14.7/ISE_DS/PlanAhead/data/parts/xilinx/rtl/prims/rtl_prims.xml]
Finished parsing RTL primitives file [E:/Xilinx/14.7/ISE_DS/PlanAhead/data/parts/xilinx/rtl/prims/rtl_prims.xml]
start_gui
source {C:/Documents and Settings/Juan Molina/Mis documentos/Arquitectura/Practica1/top_instruccion/pa.fromNetlist.tcl}
# create_project -name top_instruccion -dir "C:/Documents and Settings/Juan Molina/Mis documentos/Arquitectura/Practica1/top_instruccion/planAhead_run_2" -part xc6slx16csg324-3
# set_property design_mode GateLvl [get_property srcset [current_run -impl]]
# set_property edif_top_file "C:/Documents and Settings/Juan Molina/Mis documentos/Arquitectura/Practica1/top_instruccion/top_instruccion.ngc" [ get_property srcset [ current_run ] ]
# add_files -norecurse { {C:/Documents and Settings/Juan Molina/Mis documentos/Arquitectura/Practica1/top_instruccion} }
# set_property target_constrs_file "top_instruccion.ucf" [current_fileset -constrset]
Adding file 'C:/Documents and Settings/Juan Molina/Mis documentos/Arquitectura/Practica1/top_instruccion/top_instruccion.ucf' to fileset 'constrs_1'
# add_files [list {top_instruccion.ucf}] -fileset [get_property constrset [current_run]]
# link_design
Design is defaulting to srcset: sources_1
Design is defaulting to constrset: constrs_1
Design is defaulting to project part: xc6slx16csg324-3
Release 14.7 - ngc2edif P.20131013 (nt)
Copyright (c) 1995-2013 Xilinx, Inc.  All rights reserved.

Release 14.7 - ngc2edif P.20131013 (nt)
Copyright (c) 1995-2013 Xilinx, Inc.  All rights reserved.
Reading design top_instruccion.ngc ...
WARNING:NetListWriters:298 - No output is written to top_instruccion.xncf,
   ignored.
Processing design ...
   Preping design's networks ...
   Preping design's macros ...
  finished :Prep
Writing EDIF netlist file top_instruccion.edif ...
ngc2edif: Total memory usage is 43664 kilobytes

Parsing EDIF File [./planAhead_run_2/top_instruccion.data/cache/top_instruccion_ngc_zx.edif]
Finished Parsing EDIF File [./planAhead_run_2/top_instruccion.data/cache/top_instruccion_ngc_zx.edif]
INFO: [Netlist 29-17] Analyzing 1 Unisim elements for replacement
INFO: [Netlist 29-28] Unisim Transformation completed in 0 CPU seconds
Loading clock regions from E:/Xilinx/14.7/ISE_DS/PlanAhead/data\parts/xilinx/spartan6/spartan6lx/xc6slx16/ClockRegion.xml
Loading clock buffers from E:/Xilinx/14.7/ISE_DS/PlanAhead/data\parts/xilinx/spartan6/spartan6lx/xc6slx16/ClockBuffers.xml
Loading package pin functions from E:/Xilinx/14.7/ISE_DS/PlanAhead/data\parts/xilinx/spartan6/PinFunctions.xml...
Loading package from E:/Xilinx/14.7/ISE_DS/PlanAhead/data\parts/xilinx/spartan6/spartan6lx/xc6slx16/csg324/Package.xml
Loading io standards from E:/Xilinx/14.7/ISE_DS/PlanAhead/data\./parts/xilinx/spartan6/IOStandards.xml
Loading device configuration modes from E:/Xilinx/14.7/ISE_DS/PlanAhead/data\parts/xilinx/spartan6/ConfigModes.xml
Loading list of drcs for the architecture : E:/Xilinx/14.7/ISE_DS/PlanAhead/data\./parts/xilinx/spartan6/drc.xml
Parsing UCF File [C:/Documents and Settings/Juan Molina/Mis documentos/Arquitectura/Practica1/top_instruccion/top_instruccion.ucf]
Finished Parsing UCF File [C:/Documents and Settings/Juan Molina/Mis documentos/Arquitectura/Practica1/top_instruccion/top_instruccion.ucf]
INFO: [Project 1-111] Unisim Transformation Summary:
  A total of 1 instances were transformed.
  BUFGP => BUFGP (IBUF, BUFG): 1 instances

Phase 0 | Netlist Checksum: cdc046a2
link_design: Time (s): elapsed = 00:00:12 . Memory (MB): peak = 506.207 ; gain = 90.578
set_property iostandard LVCMOS25 [get_ports [list clk]]
startgroup
set_property package_pin V10 [get_ports clk]
endgroup
startgroup
set_property package_pin A8 [get_ports clr]
endgroup
startgroup
set_property package_pin B8 [get_ports inicio]
endgroup
startgroup
set_property package_pin T5 [get_ports {D[3]}]
endgroup
startgroup
set_property package_pin V8 [get_ports {D[2]}]
endgroup
startgroup
set_property package_pin U8 [get_ports {D[1]}]
endgroup
startgroup
set_property package_pin N8 [get_ports {D[0]}]
endgroup
startgroup
set_property package_pin U8 [get_ports {D[1]}]
endgroup
startgroup
set_property package_pin M8 [get_ports {R[3]}]
endgroup
startgroup
set_property package_pin V9 [get_ports {R[2]}]
endgroup
startgroup
set_property package_pin T9 [get_ports {R[1]}]
endgroup
startgroup
set_property package_pin T10 [get_ports {R[0]}]
endgroup
startgroup
set_property package_pin T9 [get_ports {R[1]}]
endgroup
startgroup
set_property package_pin V15 [get_ports {suma[3]}]
endgroup
startgroup
set_property package_pin U15 [get_ports {suma[2]}]
endgroup
startgroup
set_property package_pin V16 [get_ports {suma[1]}]
endgroup
startgroup
set_property package_pin U16 [get_ports {suma[0]}]
endgroup
startgroup
set_property package_pin V16 [get_ports {suma[1]}]
endgroup
startgroup
set_property package_pin U15 [get_ports {suma[2]}]
endgroup
startgroup
set_property package_pin T11 [get_ports {banderas[2]}]
endgroup
startgroup
set_property package_pin R11 [get_ports {banderas[1]}]
endgroup
startgroup
set_property package_pin M11 [get_ports {banderas[0]}]
endgroup
startgroup
set_property package_pin R11 [get_ports {banderas[1]}]
endgroup
startgroup
set_property package_pin N11 [get_ports {banderas[0]}]
endgroup
save_constraints
exit
ERROR: [Common 17-39] 'stop_gui' failed due to earlier errors.
INFO: [Common 17-206] Exiting PlanAhead at Tue Mar 19 23:42:32 2024...
INFO: [Common 17-83] Releasing license: PlanAhead
