ISim log file
Running: C:\Documents and Settings\Juan Molina\Mis documentos\Arquitectura\Practica2\top_instruccion\top_instruccion_isim_beh.exe -intstyle ise -gui -tclbatch isim.cmd -wdb C:/Documents and Settings/Juan Molina/Mis documentos/Arquitectura/Practica2/top_instruccion/top_instruccion_isim_beh.wdb 
ISim P.20131013 (signature 0x8ef4fb42)
WARNING: A WEBPACK license was found.
WARNING: Please use Xilinx License Configuration Manager to check out a full ISim license.
WARNING: ISim will run in Lite mode. Please refer to the ISim documentation for more information on the differences between the Lite and the Full version.
This is a Lite version of ISim.
Time resolution is 1 ps
# onerror resume
# wave add /
# run 1000 ns
Simulator is doing circuit initialization process.
Finished circuit initialization process.
# run 1.00ns
# restart
# isim force add /top_instruccion/clk 0 -radix bin -value 1 -radix bin -time 500 ps -repeat 1 ns
# isim force add /top_instruccion/clr 0 -radix bin
# isim force add /top_instruccion/inicio 0 -radix bin
# isim force add /top_instruccion/d 0010 -radix bin
# isim force add /top_instruccion/r 0010 -radix bin
# isim force add /top_instruccion/d 1110 -radix bin
# isim force add /top_instruccion/operacion 000 -radix bin
# run 1.00ns
Simulator is doing circuit initialization process.
Finished circuit initialization process.
at 0 ps, Instance /top_instruccion/cto1/UAL/ : Warning: There is an 'U'|'X'|'W'|'Z'|'-' in an arithmetic operand, the result will be 'X'(es).
# run 1.00ns
# isim force add /top_instruccion/inicio 1 -radix bin
# run 1.00ns
# run 1.00ns
# isim force add /top_instruccion/clr 1 -radix bin
# isim force add /top_instruccion/operacion 001 -radix bin
# run 1.00ns
# isim force add /top_instruccion/clr 0 -radix bin
# run 1.00ns
# run 1.00ns
# run 1.00ns
# isim force add /top_instruccion/clr 1 -radix bin
# isim force add /top_instruccion/operacion 010 -radix bin
# run 1.00ns
# run 1.00ns
# isim force add /top_instruccion/clr 1 -radix bin
# isim force add /top_instruccion/clr 0 -radix bin
# run 1.00ns
# run 1.00ns
