ISim log file
Running: C:\Documents and Settings\Juan Molina\Mis documentos\Arquitectura\Practica1\registro\registro_isim_beh.exe -intstyle ise -gui -tclbatch isim.cmd -wdb C:/Documents and Settings/Juan Molina/Mis documentos/Arquitectura/Practica1/registro/registro_isim_beh.wdb 
ISim P.20131013 (signature 0x8ef4fb42)
WARNING: A WEBPACK license was found.
WARNING: Please use Xilinx License Configuration Manager to check out a full ISim license.
WARNING: ISim will run in Lite mode. Please refer to the ISim documentation for more information on the differences between the Lite and the Full version.
This is a Lite version of ISim.
Time resolution is 1 ps
# onerror resume
# wave add /
# run 1000 ns
Simulator is doing circuit initialization process.
Finished circuit initialization process.
# run 1.00ns
# isim force add /registro/clk 0 -radix bin -value 1 -radix bin -time 500 ps -repeat 1 ns
# isim force add /registro/clr 0 -radix bin
# isim force add /registro/i 0000 -radix bin
# isim force add /registro/i 0100 -radix bin
# isim force add /registro/sel 00 -radix bin
# run 1.00ns
# run 1.00ns
# show driver /registro/sel
/registro/sel has no drivers.
# isim force add /registro/sel 01 -radix bin
# run 1.00ns
# run 1.00ns
# isim force add /registro/sel 10 -radix bin
# run 1.00ns
# run 1.00ns
# run 1.00ns
# run 1.00ns
# isim force add /registro/sel 00 -radix bin
# run 1.00ns
# run 1.00ns
# isim force add /registro/sel 10 -radix bin
# run 1.00ns
# run 1.00ns
# run 1.00ns
# isim force add /registro/sel 00 -radix bin
# run 1.00ns
# isim force add /registro/sel 11 -radix bin
# run 1.00ns
# isim force add /registro/i 0110 -radix bin
# run 1.00ns
# run 1.00ns
# run 1.00ns
# run 1.00ns
# isim force add /registro/sel 00 -radix bin
# run 1.00ns
