Release 14.7 - xst P.20131013 (nt)
Copyright (c) 1995-2013 Xilinx, Inc.  All rights reserved.
--> Parameter TMPDIR set to xst/projnav.tmp


Total REAL time to Xst completion: 0.00 secs
Total CPU time to Xst completion: 0.16 secs
 
--> Parameter xsthdpdir set to xst


Total REAL time to Xst completion: 0.00 secs
Total CPU time to Xst completion: 0.16 secs
 
--> Reading design: port_.prj

TABLE OF CONTENTS
  1) Synthesis Options Summary
  2) HDL Parsing
  3) HDL Elaboration
  4) HDL Synthesis
       4.1) HDL Synthesis Report
  5) Advanced HDL Synthesis
       5.1) Advanced HDL Synthesis Report
  6) Low Level Synthesis
  7) Partition Report
  8) Design Summary
       8.1) Primitive and Black Box Usage
       8.2) Device utilization summary
       8.3) Partition Resource Summary
       8.4) Timing Report
            8.4.1) Clock Information
            8.4.2) Asynchronous Control Signals Information
            8.4.3) Timing Summary
            8.4.4) Timing Details
            8.4.5) Cross Clock Domains Report


=========================================================================
*                      Synthesis Options Summary                        *
=========================================================================
---- Source Parameters
Input File Name                    : "port_.prj"
Ignore Synthesis Constraint File   : NO

---- Target Parameters
Output File Name                   : "port_"
Output Format                      : NGC
Target Device                      : xc6slx16-3-csg324

---- Source Options
Top Module Name                    : port_
Automatic FSM Extraction           : YES
FSM Encoding Algorithm             : Auto
Safe Implementation                : No
FSM Style                          : LUT
RAM Extraction                     : Yes
RAM Style                          : Auto
ROM Extraction                     : Yes
Shift Register Extraction          : YES
ROM Style                          : Auto
Resource Sharing                   : YES
Asynchronous To Synchronous        : NO
Shift Register Minimum Size        : 2
Use DSP Block                      : Auto
Automatic Register Balancing       : No

---- Target Options
LUT Combining                      : Auto
Reduce Control Sets                : Auto
Add IO Buffers                     : YES
Global Maximum Fanout              : 100000
Add Generic Clock Buffer(BUFG)     : 16
Register Duplication               : YES
Optimize Instantiated Primitives   : NO
Use Clock Enable                   : Auto
Use Synchronous Set                : Auto
Use Synchronous Reset              : Auto
Pack IO Registers into IOBs        : Auto
Equivalent register Removal        : YES

---- General Options
Optimization Goal                  : Speed
Optimization Effort                : 1
Power Reduction                    : NO
Keep Hierarchy                     : No
Netlist Hierarchy                  : As_Optimized
RTL Output                         : Yes
Global Optimization                : AllClockNets
Read Cores                         : YES
Write Timing Constraints           : NO
Cross Clock Analysis               : NO
Hierarchy Separator                : /
Bus Delimiter                      : <>
Case Specifier                     : Maintain
Slice Utilization Ratio            : 100
BRAM Utilization Ratio             : 100
DSP48 Utilization Ratio            : 100
Auto BRAM Packing                  : NO
Slice Utilization Ratio Delta      : 5

=========================================================================


=========================================================================
*                          HDL Parsing                                  *
=========================================================================
ERROR:HDLCompiler:488 - "C:\Documents and Settings\Juan Molina\Mis documentos\Arquitectura\Practica5\port\port.vhd" Line 32: Illegal identifier : port_
ERROR:HDLCompiler:488 - "C:\Documents and Settings\Juan Molina\Mis documentos\Arquitectura\Practica5\port\port.vhd" Line 39: Illegal identifier : port_
ERROR:HDLCompiler:488 - "C:\Documents and Settings\Juan Molina\Mis documentos\Arquitectura\Practica5\port\port.vhd" Line 41: Illegal identifier : port_
Parsing VHDL file "C:\Documents and Settings\Juan Molina\Mis documentos\Arquitectura\Practica5\port\port.vhd" into library work
ERROR:HDLCompiler:488 - "C:\Documents and Settings\Juan Molina\Mis documentos\Arquitectura\Practica5\port\port.vhd" Line 32: Illegal identifier : port_
Parsing entity <port_>.
ERROR:HDLCompiler:488 - "C:\Documents and Settings\Juan Molina\Mis documentos\Arquitectura\Practica5\port\port.vhd" Line 39: Illegal identifier : port_
ERROR:HDLCompiler:854 - "C:\Documents and Settings\Juan Molina\Mis documentos\Arquitectura\Practica5\port\port.vhd" Line 32: Unit <port_> ignored due to previous errors.
ERROR:HDLCompiler:488 - "C:\Documents and Settings\Juan Molina\Mis documentos\Arquitectura\Practica5\port\port.vhd" Line 41: Illegal identifier : port_
Parsing architecture <Behavioral> of entity <port_>.
ERROR:HDLCompiler:374 - "C:\Documents and Settings\Juan Molina\Mis documentos\Arquitectura\Practica5\port\port.vhd" Line 41: Entity <port_> is not yet compiled.
ERROR:HDLCompiler:69 - "C:\Documents and Settings\Juan Molina\Mis documentos\Arquitectura\Practica5\port\port.vhd" Line 44: <std_logic_vector> is not declared.
ERROR:HDLCompiler:69 - "C:\Documents and Settings\Juan Molina\Mis documentos\Arquitectura\Practica5\port\port.vhd" Line 51: <o_aux> is not declared.
ERROR:HDLCompiler:69 - "C:\Documents and Settings\Juan Molina\Mis documentos\Arquitectura\Practica5\port\port.vhd" Line 53: <o_aux> is not declared.
ERROR:HDLCompiler:69 - "C:\Documents and Settings\Juan Molina\Mis documentos\Arquitectura\Practica5\port\port.vhd" Line 52: <clk> is not declared.
ERROR:HDLCompiler:989 - "C:\Documents and Settings\Juan Molina\Mis documentos\Arquitectura\Practica5\port\port.vhd" Line 52: Attribute event requires a static signal prefix
ERROR:HDLCompiler:69 - "C:\Documents and Settings\Juan Molina\Mis documentos\Arquitectura\Practica5\port\port.vhd" Line 50: <clr> is not declared.
ERROR:HDLCompiler:69 - "C:\Documents and Settings\Juan Molina\Mis documentos\Arquitectura\Practica5\port\port.vhd" Line 48: <clk> is not declared.
ERROR:HDLCompiler:69 - "C:\Documents and Settings\Juan Molina\Mis documentos\Arquitectura\Practica5\port\port.vhd" Line 57: <o> is not declared.
VHDL file C:\Documents and Settings\Juan Molina\Mis documentos\Arquitectura\Practica5\port\port.vhd ignored due to errors
--> 

Total memory usage is 112232 kilobytes

Number of errors   :   16 (   0 filtered)
Number of warnings :    0 (   0 filtered)
Number of infos    :    0 (   0 filtered)

