ISim log file
Running: C:\Documents and Settings\Juan Molina\Mis documentos\Arquitectura\Practica3\clk_divisor\clk_divisor_isim_beh.exe -intstyle ise -gui -tclbatch isim.cmd -wdb C:/Documents and Settings/Juan Molina/Mis documentos/Arquitectura/Practica3/clk_divisor/clk_divisor_isim_beh.wdb 
ISim P.20131013 (signature 0x8ef4fb42)
WARNING: A WEBPACK license was found.
WARNING: Please use Xilinx License Configuration Manager to check out a full ISim license.
WARNING: ISim will run in Lite mode. Please refer to the ISim documentation for more information on the differences between the Lite and the Full version.
This is a Lite version of ISim.
Time resolution is 1 ps
# onerror resume
# wave add /
# run 1000 ns
Simulator is doing circuit initialization process.
Finished circuit initialization process.
# isim force add /clk_divisor/clk 0 -radix bin -value 1 -radix bin -time 500 fs -repeat 1 ps
# isim force add /clk_divisor/clr 0 -radix bin
# run 1.00ns
at 1 us, Instance /clk_divisor/ : Warning: There is an 'U'|'X'|'W'|'Z'|'-' in an arithmetic operand, the result will be 'X'(es).
# run 1.00ns
# run 1.00ns
# run 1.00ns
# run 1.00ns
# run 1.00ns
# run 1.00ns
# run 1.00ns
# run 1.00ns
# run 1.00ns
# run 1.00ps
# run 1.00ps
# run 1.00ps
# run 1.00ps
# run 1.00ps
# run 1.00ps
# run 1.00ps
# run 1.00ps
# run 1.00ps
# run 1.00ps
# run 1.00ps
# run 1.00ps
# run 1.00ps
# run 1.00ps
# run 1.00ps
# run 1.00ps
# run 1.00ps
# run 1.00ps
# run 1.00ps
# run 1.00ps
# run 1.00ps
# isim force add /clk_divisor/clk 0 -radix bin -value 1 -radix bin -time 500 fs -repeat 1 ps
# run 1.00ps
# run 1.00ps
# run 1.00ps
# isim force add /clk_divisor/clk 0 -radix bin -value 1 -radix bin -time 500 ps -repeat 1 ns
# run 1.00ps
# run 1.00ps
# run 1.00ps
# restart
# isim force add /clk_divisor/clk 0 -radix bin -value 1 -radix bin -time 500 ps -repeat 1 ns
# isim force add /clk_divisor/clr 0 -radix bin
# run 1.00ns
Simulator is doing circuit initialization process.
Finished circuit initialization process.
# run 1.00ns
# run 1.00ns
# run 1.00ns
# run 1.00ns
# run 1.00ns
# run 1.00ns
# run 1.00ns
# run 1.00ns
# run 1.00ns
# run 1.00ns
# isim force add /clk_divisor/clr 1 -radix bin
# run 1.00ns
# isim force add /clk_divisor/clr 0 -radix bin
# run 1.00ns
# run 1.00ns
# run 1.00ns
# run 1.00ns
# run 1.00ns
# run 1.00ns
# run 1.00ns
# run 1.00ns
# run 1.00ns
# run 1.00ns
# run 1.00ns
# run 1.00ns
# run 1.00ns
# run 1.00ns
# run 1.00ns
# run 1.00ns
# run 1.00ns
# run 1.00ns
# run 1.00ns
# run 1.00ns
# run 1.00ns
# run 1.00ns
# run 1.00ns
# run 1.00ns
# run 1.00ns
# run 1.00ns
# run 1.00ns
# run 1.00ns
# run 1.00ns
# run 1.00ns
# run 1.00ns
# run 1.00ns
# run 1.00ns
# run 1.00ns
# run 1.00ns
# run 1.00ns
# run 1.00ns
# run 1.00ns
# run 1.00ns
# run 1.00ns
# run 1.00ns
# run 1.00ns
# run 1.00ns
# run 1.00ns
# run 1.00ns
# run 1.00ns
# run 1.00ns
# run 1.00ns
# run 1.00ns
# run 1.00ns
# run 1.00ns
# run 1.00ns
# run 1.00ns
# run 1.00ns
# run 1.00ns
# run 1.00ns
# run 1.00ns
# run 1.00ns
# run 16.00ns
# run 16.00ns
# run 16.00ns
# run 16.00ns
# run 16.00ns
# run 16.00ns
# run 16.00ns
# run 16.00ns
# run 16.00ns
# run 16.00ns
# run 16.00ns
# run 16.00ns
# run 16.00ns
# run 16.00ns
# run 16.00ns
# run 16.00ns
# run 16.00ns
# run 128.00ns
# run 128.00ns
# run 128.00ns
# run 128.00ns
# run 128.00ns
# run 128.00ns
# run 128.00ns
# run 128.00ns
# run 128.00ns
# run 128.00ns
# run 128.00ns
# run 128.00ns
# run 128.00ns
# run 128.00ns
# run 128.00ns
# run 128.00ns
# run 128.00ns
# run 128.00ns
# run 256.00ns
# run 256.00ns
# run 256.00ns
# run 256.00ns
# run 256.00ns
# run 256.00ns
# run 256.00ns
# run 256.00ns
# run 256.00ns
# run 256.00ns
# run 256.00ns
# run 256.00ns
# run 256.00ns
# run 256.00ns
# run 256.00ns
# run 256.00ns
# run 256.00ns
# run 256.00ns
# run 256.00ns
# run 256.00ns
# run 256.00ns
# run 256.00ns
# run 256.00ns
# run 256.00ns
# run 256.00ns
# run 256.00ns
# run 256.00ns
# run 256.00ns
# run 256.00ns
# run 256.00ns
# run 256.00ns
# run 256.00ns
# run 256.00ns
# run 256.00ns
# run 256.00ns
# run 256.00ns
# run 256.00ns
# run 256.00ns
# run 256.00ns
# run 256.00ns
# run 256.00ns
# run 256.00ns
# run 256.00ns
# run 256.00ns
# run 256.00ns
# run 256.00ns
# run 256.00ns
# run 256.00ns
# run 256.00ns
# run 256.00ns
# isim force add /clk_divisor/clr 1 -radix bin
# run 256.00ns
# run 256.00ns
# run 256.00ns
