ISim log file
Running: C:\Documents and Settings\Juan Molina\Mis documentos\Arquitectura\Practica3\top_pila\top_pila_isim_beh.exe -intstyle ise -gui -tclbatch isim.cmd -wdb C:/Documents and Settings/Juan Molina/Mis documentos/Arquitectura/Practica3/top_pila/top_pila_isim_beh.wdb 
ISim P.20131013 (signature 0x8ef4fb42)
WARNING: A WEBPACK license was found.
WARNING: Please use Xilinx License Configuration Manager to check out a full ISim license.
WARNING: ISim will run in Lite mode. Please refer to the ISim documentation for more information on the differences between the Lite and the Full version.
This is a Lite version of ISim.
Time resolution is 1 ps
# onerror resume
# wave add /
# run 1000 ns
Simulator is doing circuit initialization process.
at 0 ps, Instance /top_pila/ : Warning: There is an 'U'|'X'|'W'|'Z'|'-' in an arithmetic operand, the result will be 'X'(es).
at 0 ps, Instance /top_pila/memoria/ : Warning: CONV_INTEGER: There is an 'U'|'X'|'W'|'Z'|'-' in an arithmetic operand, and it has been converted to 0.
Finished circuit initialization process.
at 0 ps, Instance /top_pila/memoria/ : Warning: CONV_INTEGER: There is an 'U'|'X'|'W'|'Z'|'-' in an arithmetic operand, and it has been converted to 0.
# isim force add /top_pila/clk 0 -radix bin
# isim force add /top_pila/clock_div 0 -radix bin -value 1 -radix bin -time 500 ps -repeat 1 ns
# restart
# isim force add /top_pila/clk 0 -radix bin
# isim force add /top_pila/clock_div 0 -radix bin -value 1 -radix bin -time 500 ps -repeat 1 ns
# isim force add /top_pila/botones 000000 -radix bin
# isim force add /top_pila/s1s0 00 -radix bin
# run 1.00ns
Simulator is doing circuit initialization process.
at 0 ps, Instance /top_pila/memoria/ : Warning: CONV_INTEGER: There is an 'U'|'X'|'W'|'Z'|'-' in an arithmetic operand, and it has been converted to 0.
Finished circuit initialization process.
# run 1.00ns
# isim force add /top_pila/clk 1 -radix bin
# run 1.00ns
# isim force add /top_pila/clk 0 -radix bin
# run 1.00ns
# isim force add /top_pila/clr 0 -radix bin
# run 1.00ns
# isim force add /top_pila/s1s0 01 -radix bin
# run 1.00ns
at 5500 ps, Instance /top_pila/memoria/ : Warning: CONV_INTEGER: There is an 'U'|'X'|'W'|'Z'|'-' in an arithmetic operand, and it has been converted to 0.
at 5500 ps(1), Instance /top_pila/memoria/ : Warning: CONV_INTEGER: There is an 'U'|'X'|'W'|'Z'|'-' in an arithmetic operand, and it has been converted to 0.
at 5500 ps(3), Instance /top_pila/memoria/ : Warning: CONV_INTEGER: There is an 'U'|'X'|'W'|'Z'|'-' in an arithmetic operand, and it has been converted to 0.
# isim force add /top_pila/s1s0 00 -radix bin
# run 1.00ns
# run 1.00ns
# run 1.00ns
# run 1.00ns
# isim force add /top_pila/s1s0 01 -radix bin
# isim force add /top_pila/s1s0 10 -radix bin
# run 1.00ns
# run 1.00ns
# isim force add /top_pila/s1s0 00 -radix bin
# run 1.00ns
# isim force add /top_pila/s1s0 10 -radix bin
# run 1.00ns
# run 1.00ns
# isim force add /top_pila/s1s0 01 -radix bin
# run 1.00ns
at 15500 ps, Instance /top_pila/memoria/ : Warning: CONV_INTEGER: There is an 'U'|'X'|'W'|'Z'|'-' in an arithmetic operand, and it has been converted to 0.
# run 1.00ns
at 16500 ps, Instance /top_pila/memoria/ : Warning: CONV_INTEGER: There is an 'U'|'X'|'W'|'Z'|'-' in an arithmetic operand, and it has been converted to 0.
at 16500 ps(1), Instance /top_pila/memoria/ : Warning: CONV_INTEGER: There is an 'U'|'X'|'W'|'Z'|'-' in an arithmetic operand, and it has been converted to 0.
# run 1.00ns
at 17500 ps, Instance /top_pila/memoria/ : Warning: CONV_INTEGER: There is an 'U'|'X'|'W'|'Z'|'-' in an arithmetic operand, and it has been converted to 0.
# run 1.00ns
at 18500 ps, Instance /top_pila/memoria/ : Warning: CONV_INTEGER: There is an 'U'|'X'|'W'|'Z'|'-' in an arithmetic operand, and it has been converted to 0.
# isim force add /top_pila/s1s0 10 -radix bin
# run 1.00ns
# run 1.00ns
# run 1.00ns
# run 1.00ns
# isim force add /top_pila/s1s0 00 -radix bin
# run 1.00ns
# run 1.00ns
# run 1.00ns
# run 1.00ns
# run 1.00ns
# isim force add /top_pila/clr 1 -radix bin
# run 1.00ns
# run 1.00ns
# isim force add /top_pila/clr 0 -radix bin
# run 1.00ns
# run 1.00ns
# run 1.00ns
# run 1.00ns
# isim force add /top_pila/s1s0 01 -radix bin
# run 1.00ns
# run 1.00ns
# isim force add /top_pila/s1s0 00 -radix bin
# run 1.00ns
# run 1.00ns
# run 1.00ns
# isim force add /top_pila/s1s0 10 -radix bin
# run 1.00ns
# run 1.00ns
# run 1.00ns
# isim force add /top_pila/s1s0 00 -radix bin
# run 1.00ns
# run all
Stopped at time : 1872958500 ps : File "C:/Documents and Settings/Juan Molina/Mis documentos/Arquitectura/Practica3/program_counter/program_counter.vhd" Line 48
# restart
# run all
Simulator is doing circuit initialization process.
at 0 ps, Instance /top_pila/memoria/ : Warning: CONV_INTEGER: There is an 'U'|'X'|'W'|'Z'|'-' in an arithmetic operand, and it has been converted to 0.
Finished circuit initialization process.
at 0 ps, Instance /top_pila/memoria/ : Warning: CONV_INTEGER: There is an 'U'|'X'|'W'|'Z'|'-' in an arithmetic operand, and it has been converted to 0.
# run 1.00ns
# restart
# isim force add /top_pila/clr 1 -radix bin
# isim force add /top_pila/botones 000001 -radix bin
# isim force add /top_pila/s1s0 00 -radix bin
# run 1.00ns
Simulator is doing circuit initialization process.
at 0 ps, Instance /top_pila/memoria/ : Warning: CONV_INTEGER: There is an 'U'|'X'|'W'|'Z'|'-' in an arithmetic operand, and it has been converted to 0.
Finished circuit initialization process.
# isim force add /top_pila/clock_div 0 -radix bin -value 1 -radix bin -time 500 ps -repeat 1 ns
# run 1.00ns
# isim force add /top_pila/clr 0 -radix bin
# run 1.00ns
# run 1.00ns
# run 1.00ns
# run 1.00ns
# isim force add /top_pila/s1s0 01 -radix bin
# run 1.00ns
# run 1.00ns
# isim force add /top_pila/s1s0 10 -radix bin
# run 1.00ns
# isim force add /top_pila/s1s0 00 -radix bin
# run 1.00ns
# run 1.00ns
# run 1.00ns
# run 1.00ns
# isim force add /top_pila/s1s0 10 -radix bin
# run 1.00ns
# isim force add /top_pila/s1s0 00 -radix bin
# run 1.00ns
# run 1.00ns
# run 1.00ns
# run 1.00ns
# run 1.00ns
# isim force add /top_pila/s1s0 01 -radix bin
# run 1.00ns
# run 1.00ns
# isim force add /top_pila/s1s0 00 -radix bin
# run 1.00ns
# run 1.00ns
# run 1.00ns
# isim force add /top_pila/s1s0 10 -radix bin
# run 1.00ns
# isim force add /top_pila/s1s0 00 -radix bin
# run 1.00ns
# run 1.00ns
# run 1.00ns
# isim force add /top_pila/s1s0 10 -radix bin
# run 1.00ns
# isim force add /top_pila/s1s0 00 -radix bin
# run 1.00ns
# isim force add /top_pila/botones 000011 -radix bin
# isim force add /top_pila/s1s0 01 -radix bin
# run 1.00ns
# isim force add /top_pila/s1s0 00 -radix bin
# isim force add /top_pila/botones 000000 -radix bin
# run 1.00ns
# isim force add /top_pila/s1s0 01 -radix bin
# run 1.00ns
# isim force add /top_pila/s1s0 10 -radix bin
# run 1.00ns
# run 1.00ns
