ISim log file
Running: C:\Documents and Settings\Juan Molina\Mis documentos\Arquitectura\Practica3\program_counter\program_counter_isim_beh.exe -intstyle ise -gui -tclbatch isim.cmd -wdb C:/Documents and Settings/Juan Molina/Mis documentos/Arquitectura/Practica3/program_counter/program_counter_isim_beh.wdb 
ISim P.20131013 (signature 0x8ef4fb42)
WARNING: A WEBPACK license was found.
WARNING: Please use Xilinx License Configuration Manager to check out a full ISim license.
WARNING: ISim will run in Lite mode. Please refer to the ISim documentation for more information on the differences between the Lite and the Full version.
This is a Lite version of ISim.
Time resolution is 1 ps
# onerror resume
# wave add /
# run 1000 ns
Simulator is doing circuit initialization process.
Finished circuit initialization process.
# isim force add /program_counter/clk 0 -radix bin -value 1 -radix bin -time 500 ps -repeat 1 ns
# isim force add /program_counter/clr 0 -radix bin
# isim force add /program_counter/i 1111111111111111 -radix bin
# run 1.00ns
# run 1.00ns
# isim force add /program_counter/clr 1 -radix bin
# run 1.00ns
# isim force add /program_counter/i 1010011001010110 -radix bin
# run 1.00ns
# isim force add /program_counter/clr 0 -radix bin
# run 1.00ns
# run 1.00ns
# isim force add /program_counter/i 1111110000001110 -radix bin
# run 1.00ns
# run 1.00ns
