ISim log file
Running: C:\Documents and Settings\Juan Molina\Mis documentos\Arquitectura\Practica3\RAM\RAM_isim_beh.exe -intstyle ise -gui -tclbatch isim.cmd -wdb C:/Documents and Settings/Juan Molina/Mis documentos/Arquitectura/Practica3/RAM/RAM_isim_beh.wdb 
ISim P.20131013 (signature 0x8ef4fb42)
WARNING: A WEBPACK license was found.
WARNING: Please use Xilinx License Configuration Manager to check out a full ISim license.
WARNING: ISim will run in Lite mode. Please refer to the ISim documentation for more information on the differences between the Lite and the Full version.
This is a Lite version of ISim.
Time resolution is 1 ps
# onerror resume
# wave add /
# run 1000 ns
Simulator is doing circuit initialization process.
at 0 ps, Instance /ram/ : Warning: There is an 'U'|'X'|'W'|'Z'|'-' in an arithmetic operand, the result will be 'X'(es).
at 0 ps, Instance /ram/ : Warning: CONV_INTEGER: There is an 'U'|'X'|'W'|'Z'|'-' in an arithmetic operand, and it has been converted to 0.
Finished circuit initialization process.
# run 1.00ns
# restart
# isim force add /ram/clk 0 -radix bin -value 1 -radix bin -time 500 ps -repeat 1 ns
# isim force add /ram/we 0 -radix bin
# isim force add /ram/a 000 -radix bin
# isim force add /ram/wd 0001010101010101 -radix bin
# run 1.00ns
Simulator is doing circuit initialization process.
at 0 ps, Instance /ram/ : Warning: CONV_INTEGER: There is an 'U'|'X'|'W'|'Z'|'-' in an arithmetic operand, and it has been converted to 0.
Finished circuit initialization process.
# run 1.00ns
# isim force add /ram/we 1 -radix bin
# run 1.00ns
# isim force add /ram/a 011 -radix bin
# run 1.00ns
# isim force add /ram/a 101 -radix bin
# run 1.00ns
# isim force add /ram/we 0 -radix bin
# run 1.00ns
# isim force add /ram/a 000 -radix bin
# run 1.00ns
# isim force add /ram/we 1 -radix bin
# isim force add /ram/wd 0000000000000000 -radix bin
# run 1.00ns
# isim force add /ram/a 011 -radix bin
# isim force add /ram/wd 1111111111111111 -radix bin
# run 1.00ns
# isim force add /ram/we 0 -radix bin
# run 1.00ns
# isim force add /ram/a 101 -radix bin
# run 1.00ns
# isim force add /ram/a 111 -radix bin
# run 1.00ns
# isim force add /ram/a 000 -radix bin
# run 1.00ns
